{'done': {'1234': [{'new_policy': {'corrid': '1234',
                                   'msg': 'New policy created',
                                   'status': 'pending',
                                   'type': 'new_policy'}},
                   {'approver_policy': {'corrid': '1234',
                                        'msg': 'approver policy created',
                                        'status': 'pending',
                                        'type': 'approver_policy'}},
                   {'apply_result': {'corrid': '1234',
                                     'msg': 'New policy created',
                                     'status': 'done',
                                     'type': 'apply_result'}}],
          '1235': [{'applier': {'corrid': '1235',
                                'msg': 'New policy created',
                                'status': 'pending',
                                'type': 'applier'}},
                   {'new_policy': {'corrid': '1235',
                                   'msg': 'New policy created',
                                   'status': 'pending',
                                   'type': 'new_policy'}},
                   {'new_policy': {'corrid': '1235',
                                   'msg': 'New policy created',
                                   'status': 'done',
                                   'type': 'new_policy'}}],
          '1236': [{'apply_result': {'corrid': '1236',
                                     'msg': 'New policy created',
                                     'status': 'pending',
                                     'type': 'apply_result'}},
                   {'red_flag': {'corrid': '1236',
                                 'msg': 'New policy created',
                                 'status': 'done',
                                 'type': 'red_flag'}}],
          '1237': [{'new_policy': {'corrid': '1237',
                                   'msg': 'New policy created',
                                   'status': 'done',
                                   'type': 'new_policy'}}]},
 'pending': {'1238': [{'approver_policy': {'corrid': '1238',
                                           'msg': 'approver policy created',
                                           'status': 'pending',
                                           'type': 'approver_policy'}},
                      {'applier': {'corrid': '1238',
                                   'msg': 'New policy created',
                                   'status': 'pending',
                                   'type': 'applier'}},
                      {'approver_policy': {'corrid': '1238',
                                           'msg': 'approver policy created',
                                           'status': 'pending',
                                           'type': 'approver_policy'}},
                      {'applier': {'corrid': '1238',
                                   'msg': 'New policy created',
                                   'status': 'pending',
                                   'type': 'applier'}},
                      {'approver_policy': {'corrid': '1238',
                                           'msg': 'approver policy created',
                                           'status': 'pending',
                                           'type': 'approver_policy'}},
                      {'applier': {'corrid': '1238',
                                   'msg': 'New policy created',
                                   'status': 'pending',
                                   'type': 'applier'}},
                      {'approver_policy': {'corrid': '1238',
                                           'msg': 'approver policy created',
                                           'status': 'pending',
                                           'type': 'approver_policy'}},
                      {'applier': {'corrid': '1238',
                                   'msg': 'New policy created',
                                   'status': 'pending',
                                   'type': 'applier'}},
                      {'approver_policy': {'corrid': '1238',
                                           'msg': 'approver policy created',
                                           'status': 'pending',
                                           'type': 'approver_policy'}},
                      {'applier': {'corrid': '1238',
                                   'msg': 'New policy created',
                                   'status': 'pending',
                                   'type': 'applier'}}],
             '1239': [{'new_policy': {'corrid': '1239',
                                      'msg': 'New policy created',
                                      'status': 'pending',
                                      'type': 'new_policy'}},
                      {'new_policy': {'corrid': '1239',
                                      'msg': 'New policy created',
                                      'status': 'pending',
                                      'type': 'new_policy'}},
                      {'new_policy': {'corrid': '1239',
                                      'msg': 'New policy created',
                                      'status': 'pending',
                                      'type': 'new_policy'}},
                      {'new_policy': {'corrid': '1239',
                                      'msg': 'New policy created',
                                      'status': 'pending',
                                      'type': 'new_policy'}},
                      {'new_policy': {'corrid': '1239',
                                      'msg': 'New policy created',
                                      'status': 'pending',
                                      'type': 'new_policy'}}]}}
